<?xml version="1.0" encoding="UTF-8"?>
<!-- Generated by org.testng.reporters.JUnitReportReporter -->
<testsuite skipped="0" hostname="DESKTOP-6D3FG3E" name="com.uberall.qa.testcases.SearchLocByNamIdAddrTest" tests="3" failures="0" timestamp="2021-04-17T20:54:38 CEST" time="17.408" errors="0">
  <testcase name="launchURL" time="3.373" classname="com.uberall.qa.testcases.SearchLocByNamIdAddrTest"/>
  <system-out/>
  <testcase name="Login" time="0.477" classname="com.uberall.qa.testcases.SearchLocByNamIdAddrTest"/>
  <system-out/>
  <testcase name="SearchLocByNam_Id_Addr" time="13.558" classname="com.uberall.qa.testcases.SearchLocByNamIdAddrTest"/>
  <system-out/>
</testsuite> <!-- com.uberall.qa.testcases.SearchLocByNamIdAddrTest -->
