<?xml version="1.0" encoding="UTF-8"?>
<!-- Generated by org.testng.reporters.JUnitReportReporter -->
<testsuite skipped="0" hostname="DESKTOP-6D3FG3E" name="com.uberall.qa.testcases.LoginTest" tests="2" failures="0" timestamp="2021-04-17T20:54:38 CEST" time="9.701" errors="0">
  <testcase name="launchURL" time="4.216" classname="com.uberall.qa.testcases.LoginTest"/>
  <system-out/>
  <testcase name="Login" time="5.485" classname="com.uberall.qa.testcases.LoginTest"/>
  <system-out/>
</testsuite> <!-- com.uberall.qa.testcases.LoginTest -->
