<?xml version="1.0" encoding="UTF-8"?>
<!-- Generated by org.testng.reporters.JUnitReportReporter -->
<testsuite skipped="0" hostname="DESKTOP-6D3FG3E" name="com.uberall.qa.testcases.EditLocationIdTest" tests="4" failures="0" timestamp="2021-04-17T20:54:38 CEST" time="93.989" errors="0">
  <testcase name="launchURL" time="3.994" classname="com.uberall.qa.testcases.EditLocationIdTest"/>
  <system-out/>
  <testcase name="Login" time="0.512" classname="com.uberall.qa.testcases.EditLocationIdTest"/>
  <system-out/>
  <testcase name="SearchLocByNam_Id_Addr" time="10.179" classname="com.uberall.qa.testcases.EditLocationIdTest"/>
  <system-out/>
  <testcase name="EditLocationId" time="79.304" classname="com.uberall.qa.testcases.EditLocationIdTest"/>
  <system-out/>
</testsuite> <!-- com.uberall.qa.testcases.EditLocationIdTest -->
